<?xml version="1.0" encoding="UTF-8"?>
<!-- Generated by org.testng.reporters.JUnitXMLReporter -->
<testsuite ignored="3" hostname="SasuKe" failures="0" tests="1" name="Dependency Test" time="0.036" errors="0" timestamp="2021-10-30T14:21:00 FJT">
  <testcase classname="testcases.TestCase3" name="fourthTest" time="0.009"/>
  <testcase classname="testcases.TestCase3" name="doLogin" time="0.0">
    <ignored/>
  </testcase> <!-- doLogin -->
  <testcase classname="testcases.TestCase3" name="thirdTest" time="0.0">
    <ignored/>
  </testcase> <!-- thirdTest -->
  <testcase classname="testcases.TestCase3" name="doUserReg" time="0.0">
    <ignored/>
  </testcase> <!-- doUserReg -->
</testsuite> <!-- Dependency Test -->
