<?xml version="1.0" encoding="UTF-8"?>
<!-- Generated by org.testng.reporters.JUnitXMLReporter -->
<testsuite ignored="0" hostname="SasuKe" failures="1" tests="4" name="Dependency Test" time="0.027" errors="0" timestamp="2021-10-30T16:26:35 FJT">
  <testcase classname="testcases.TestCase3" name="doUserReg" time="0.009">
    <failure type="java.lang.AssertionError" message="User not registered successfully">
      <![CDATA[java.lang.AssertionError: User not registered successfully
at testcases.TestCase3.doUserReg(TestCase3.java:27)
at java.base/java.util.ArrayList.forEach(ArrayList.java:1511)
... Removed 28 stack frames]]>
    </failure>
  </testcase> <!-- doUserReg -->
  <testcase classname="testcases.TestCase3" name="doLogin" time="0.0">
    <skipped/>
  </testcase> <!-- doLogin -->
  <testcase classname="testcases.TestCase3" name="thirdTest" time="0.001"/>
  <testcase classname="testcases.TestCase3" name="fourthTest" time="0.001"/>
</testsuite> <!-- Dependency Test -->
