<?xml version="1.0" encoding="UTF-8"?>
<!-- Generated by org.testng.reporters.JUnitXMLReporter -->
<testsuite ignored="0" hostname="SasuKe" failures="1" tests="1" name="Failure Test" time="0.003" errors="0" timestamp="2021-10-30T16:26:35 FJT">
  <testcase classname="testcases.TestFailure" name="doLogin" time="0.001">
    <failure type="java.lang.AssertionError" message="Failing the login test">
      <![CDATA[java.lang.AssertionError: Failing the login test
at testcases.TestFailure.doLogin(TestFailure.java:10)
at java.base/java.util.ArrayList.forEach(ArrayList.java:1511)
... Removed 28 stack frames]]>
    </failure>
  </testcase> <!-- doLogin -->
</testsuite> <!-- Failure Test -->
