<?xml version="1.0" encoding="UTF-8"?>
<!-- Generated by org.testng.reporters.JUnitXMLReporter -->
<testsuite ignored="0" hostname="SasuKe" failures="1" tests="1" name="Validate Title Test" time="0.021" errors="0" timestamp="2021-10-30T23:10:20 FJT">
  <testcase classname="testcases.TestCase2" name="validateTitles" time="0.015">
    <failure type="java.lang.AssertionError" message="expected:&amp;lt;Gmail.com&amp;gt; but was:&amp;lt;Yahoo.com&amp;gt;">
      <![CDATA[java.lang.AssertionError: expected:<Gmail.com> but was:<Yahoo.com>
at testcases.TestCase2.validateTitles(TestCase2.java:24)
at java.base/java.util.ArrayList.forEach(ArrayList.java:1511)
... Removed 29 stack frames]]>
    </failure>
  </testcase> <!-- validateTitles -->
</testsuite> <!-- Validate Title Test -->
