<?xml version="1.0" encoding="UTF-8"?>
<!-- Generated by org.testng.reporters.JUnitXMLReporter -->
<testsuite ignored="0" hostname="SasuKe" failures="0" tests="4" name="Default test" time="0.955" errors="0" timestamp="2021-10-31T11:21:51 FJT">
  <testcase classname="TestNGParameterizationExcel" name="testData" time="0.004"/>
  <testcase classname="TestNGParameterizationExcel" name="testData" time="0.001"/>
  <testcase classname="TestNGParameterizationExcel" name="testData" time="0.002"/>
  <testcase classname="TestNGParameterizationExcel" name="testData" time="0.002"/>
</testsuite> <!-- Default test -->
